<?xml version="1.0" encoding="UTF-8"?>
<testng-results ignored="0" total="1" passed="1" failed="0" skipped="0">
  <reporter-output>
  </reporter-output>
  <suite started-at="2026-08-23T11:15:57 IST" name="FinanceMe TestNG Suite" finished-at="2026-08-23T11:15:57 IST" duration-ms="50">
    <groups>
    </groups>
    <test started-at="2026-08-23T11:15:57 IST" name="Reference Compatibility Tests" finished-at="2026-08-23T11:15:57 IST" duration-ms="50">
      <class name="com.financeme.account.AccountReferenceCompatibilityTest">
        <test-method signature="referenceAccountContractIsSupported()[pri:0, instance:com.financeme.account.AccountReferenceCompatibilityTest@2ce5f05]" started-at="2026-08-23T11:15:57 IST" name="referenceAccountContractIsSupported" finished-at="2026-08-23T11:15:57 IST" duration-ms="9" status="PASS">
          <reporter-output>
          </reporter-output>
        </test-method> <!-- referenceAccountContractIsSupported -->
      </class> <!-- com.financeme.account.AccountReferenceCompatibilityTest -->
    </test> <!-- Reference Compatibility Tests -->
  </suite> <!-- FinanceMe TestNG Suite -->
</testng-results>
