<?xml version="1.0" encoding="UTF-8"?>
<!-- Generated by org.testng.reporters.JUnitReportReporter -->
<testsuite hostname="MSI" failures="0" tests="1" name="com.financeme.account.AccountReferenceCompatibilityTest" time="0.009" errors="0" timestamp="2026-08-23T11:15:57 IST" skipped="0">
  <testcase classname="com.financeme.account.AccountReferenceCompatibilityTest" name="referenceAccountContractIsSupported" time="0.009"/>
</testsuite> <!-- com.financeme.account.AccountReferenceCompatibilityTest -->
